0 info it worked if it ends with ok
1 verbose cli [ '/usr/bin/nodejs', '/usr/bin/npm', 'run', 'serve' ]
2 info using npm@3.5.2
3 info using node@v4.2.6
4 verbose run-script [ 'preserve', 'serve', 'postserve' ]
5 info lifecycle hoverboard@1.2.0~preserve: hoverboard@1.2.0
6 silly lifecycle hoverboard@1.2.0~preserve: no script for preserve, continuing
7 info lifecycle hoverboard@1.2.0~serve: hoverboard@1.2.0
8 verbose lifecycle hoverboard@1.2.0~serve: unsafe-perm in lifecycle true
9 verbose lifecycle hoverboard@1.2.0~serve: PATH: /usr/share/npm/bin/node-gyp-bin:/home/julianyraiol/site-wtm/node_modules/.bin:/usr/local/sbin:/usr/local/bin:/usr/sbin:/usr/bin:/sbin:/bin:/snap/bin
10 verbose lifecycle hoverboard@1.2.0~serve: CWD: /home/julianyraiol/site-wtm
11 silly lifecycle hoverboard@1.2.0~serve: Args: [ '-c', 'gulp serve' ]
12 silly lifecycle hoverboard@1.2.0~serve: Returned: code: 1  signal: null
13 info lifecycle hoverboard@1.2.0~serve: Failed to exec serve script
14 verbose stack Error: hoverboard@1.2.0 serve: `gulp serve`
14 verbose stack Exit status 1
14 verbose stack     at EventEmitter.<anonymous> (/usr/share/npm/lib/utils/lifecycle.js:232:16)
14 verbose stack     at emitTwo (events.js:87:13)
14 verbose stack     at EventEmitter.emit (events.js:172:7)
14 verbose stack     at ChildProcess.<anonymous> (/usr/share/npm/lib/utils/spawn.js:24:14)
14 verbose stack     at emitTwo (events.js:87:13)
14 verbose stack     at ChildProcess.emit (events.js:172:7)
14 verbose stack     at maybeClose (internal/child_process.js:821:16)
14 verbose stack     at Process.ChildProcess._handle.onexit (internal/child_process.js:211:5)
15 verbose pkgid hoverboard@1.2.0
16 verbose cwd /home/julianyraiol/site-wtm
17 error Linux 4.13.0-36-generic
18 error argv "/usr/bin/nodejs" "/usr/bin/npm" "run" "serve"
19 error node v4.2.6
20 error npm  v3.5.2
21 error code ELIFECYCLE
22 error hoverboard@1.2.0 serve: `gulp serve`
22 error Exit status 1
23 error Failed at the hoverboard@1.2.0 serve script 'gulp serve'.
23 error Make sure you have the latest version of node.js and npm installed.
23 error If you do, this is most likely a problem with the hoverboard package,
23 error not with npm itself.
23 error Tell the author that this fails on your system:
23 error     gulp serve
23 error You can get information on how to open an issue for this project with:
23 error     npm bugs hoverboard
23 error Or if that isn't available, you can get their info via:
23 error     npm owner ls hoverboard
23 error There is likely additional logging output above.
24 verbose exit [ 1, true ]
